[debug] [2022-01-26T20:16:29.186Z] ----------------------------------------------------------------------
[debug] [2022-01-26T20:16:29.195Z] Command:       C:\Program Files\nodejs\node.exe C:\Users\yifei\AppData\Roaming\npm\node_modules\firebase-tools\lib\bin\firebase.js init
[debug] [2022-01-26T20:16:29.197Z] CLI Version:   10.1.2
[debug] [2022-01-26T20:16:29.198Z] Platform:      win32
[debug] [2022-01-26T20:16:29.198Z] Node Version:  v16.13.1
[debug] [2022-01-26T20:16:29.201Z] Time:          Wed Jan 26 2022 15:16:29 GMT-0500 (Eastern Standard Time)
[debug] [2022-01-26T20:16:29.202Z] ----------------------------------------------------------------------
[debug] 
[debug] [2022-01-26T20:16:29.240Z] > command requires scopes: ["email","openid","https://www.googleapis.com/auth/cloudplatformprojects.readonly","https://www.googleapis.com/auth/firebase","https://www.googleapis.com/auth/cloud-platform"]
[debug] [2022-01-26T20:16:29.241Z] > authorizing via signed-in user (yifeizhaogege@gmail.com)
[info] 
     ######## #### ########  ######## ########     ###     ######  ########
     ##        ##  ##     ## ##       ##     ##  ##   ##  ##       ##
     ######    ##  ########  ######   ########  #########  ######  ######
     ##        ##  ##    ##  ##       ##     ## ##     ##       ## ##
     ##       #### ##     ## ######## ########  ##     ##  ######  ########

You're about to initialize a Firebase project in this directory:

  C:\Users\yifei\Documents\Projects\coinbase-blockchain-app

[info] 
=== Project Setup
[info] 
[info] First, let's associate this project directory with a Firebase project.
[info] You can create multiple project aliases by running firebase use --add, 
[info] but for now we'll just set up a default project.
[info] 
